0 info it worked if it ends with ok
1 verbose cli [ 'C:\\Program Files\\nodejs\\node.exe',
1 verbose cli   'C:\\Program Files\\nodejs\\node_modules\\npm\\bin\\npm-cli.js',
1 verbose cli   'install',
1 verbose cli   'mongoose@5.0.4',
1 verbose cli   '--save' ]
2 info using npm@3.10.10
3 info using node@v6.11.2
4 silly loadCurrentTree Starting
5 silly install loadCurrentTree
6 silly install readLocalPackageData
7 silly fetchPackageMetaData mongoose@5.0.4
8 silly fetchNamedPackageData mongoose
9 silly mapToRegistry name mongoose
10 silly mapToRegistry using default registry
11 silly mapToRegistry registry http://registry.npmjs.org/
12 silly mapToRegistry data Result {
12 silly mapToRegistry   raw: 'mongoose',
12 silly mapToRegistry   scope: null,
12 silly mapToRegistry   escapedName: 'mongoose',
12 silly mapToRegistry   name: 'mongoose',
12 silly mapToRegistry   rawSpec: '',
12 silly mapToRegistry   spec: 'latest',
12 silly mapToRegistry   type: 'tag' }
13 silly mapToRegistry uri http://registry.npmjs.org/mongoose
14 verbose request uri http://registry.npmjs.org/mongoose
15 verbose request no auth needed
16 info attempt registry request try #1 at 11:44:41 PM
17 verbose request id 1de06ffff3fbf0b2
18 verbose etag "5a729919-b31ca"
19 verbose lastModified Thu, 1 Feb 2018 4:35:37 GMT
20 http request GET http://registry.npmjs.org/mongoose
21 http 200 http://registry.npmjs.org/mongoose
22 verbose headers { 'content-type': 'application/json; charset=UTF-8',
22 verbose headers   server: 'UploadServer',
22 verbose headers   'cache-control': 'max-age=300',
22 verbose headers   'last-modified': 'Thu, 8 Feb 2018 21:34:53 GMT',
22 verbose headers   etag: '"5a7cc27d-b75a7"',
22 verbose headers   'x-npm-region': 'Asia',
22 verbose headers   'content-encoding': 'gzip',
22 verbose headers   'content-length': '59639',
22 verbose headers   'accept-ranges': 'bytes',
22 verbose headers   date: 'Fri, 09 Feb 2018 18:15:37 GMT',
22 verbose headers   via: '1.1 varnish',
22 verbose headers   age: '1455',
22 verbose headers   connection: 'keep-alive',
22 verbose headers   'x-served-by': 'cache-sin18024-SIN',
22 verbose headers   'x-cache': 'HIT',
22 verbose headers   'x-cache-hits': '12',
22 verbose headers   'x-timer': 'S1518200138.566464,VS0,VE0',
22 verbose headers   vary: 'Accept-Encoding, Accept' }
23 silly get cb [ 200,
23 silly get   { 'content-type': 'application/json; charset=UTF-8',
23 silly get     server: 'UploadServer',
23 silly get     'cache-control': 'max-age=300',
23 silly get     'last-modified': 'Thu, 8 Feb 2018 21:34:53 GMT',
23 silly get     etag: '"5a7cc27d-b75a7"',
23 silly get     'x-npm-region': 'Asia',
23 silly get     'content-encoding': 'gzip',
23 silly get     'content-length': '59639',
23 silly get     'accept-ranges': 'bytes',
23 silly get     date: 'Fri, 09 Feb 2018 18:15:37 GMT',
23 silly get     via: '1.1 varnish',
23 silly get     age: '1455',
23 silly get     connection: 'keep-alive',
23 silly get     'x-served-by': 'cache-sin18024-SIN',
23 silly get     'x-cache': 'HIT',
23 silly get     'x-cache-hits': '12',
23 silly get     'x-timer': 'S1518200138.566464,VS0,VE0',
23 silly get     vary: 'Accept-Encoding, Accept' } ]
24 verbose get saving mongoose to C:\Users\Hp\AppData\Roaming\npm-cache\registry.npmjs.org\mongoose\.cache.json
25 verbose correctMkdir C:\Users\Hp\AppData\Roaming\npm-cache correctMkdir not in flight; initializing
26 silly install normalizeTree
27 silly loadCurrentTree Finishing
28 silly loadIdealTree Starting
29 silly install loadIdealTree
30 silly cloneCurrentTree Starting
31 silly install cloneCurrentTreeToIdealTree
32 silly cloneCurrentTree Finishing
33 silly loadShrinkwrap Starting
34 silly install loadShrinkwrap
35 silly loadShrinkwrap Finishing
36 silly loadAllDepsIntoIdealTree Starting
37 silly install loadAllDepsIntoIdealTree
38 silly resolveWithNewModule mongoose@5.0.4 checking installable status
39 silly cache add args [ 'mongoose@5.0.4', null ]
40 verbose cache add spec mongoose@5.0.4
41 silly cache add parsed spec Result {
41 silly cache add   raw: 'mongoose@5.0.4',
41 silly cache add   scope: null,
41 silly cache add   escapedName: 'mongoose',
41 silly cache add   name: 'mongoose',
41 silly cache add   rawSpec: '5.0.4',
41 silly cache add   spec: '5.0.4',
41 silly cache add   type: 'version' }
42 silly addNamed mongoose@5.0.4
43 verbose addNamed "5.0.4" is a plain semver version for mongoose
44 silly mapToRegistry name mongoose
45 silly mapToRegistry using default registry
46 silly mapToRegistry registry http://registry.npmjs.org/
47 silly mapToRegistry data Result {
47 silly mapToRegistry   raw: 'mongoose',
47 silly mapToRegistry   scope: null,
47 silly mapToRegistry   escapedName: 'mongoose',
47 silly mapToRegistry   name: 'mongoose',
47 silly mapToRegistry   rawSpec: '',
47 silly mapToRegistry   spec: 'latest',
47 silly mapToRegistry   type: 'tag' }
48 silly mapToRegistry uri http://registry.npmjs.org/mongoose
49 verbose addNameVersion registry:http://registry.npmjs.org/mongoose not in flight; fetching
50 verbose get http://registry.npmjs.org/mongoose not expired, no request
51 silly mapToRegistry name mongoose
52 silly mapToRegistry using default registry
53 silly mapToRegistry registry http://registry.npmjs.org/
54 silly mapToRegistry data Result {
54 silly mapToRegistry   raw: 'mongoose',
54 silly mapToRegistry   scope: null,
54 silly mapToRegistry   escapedName: 'mongoose',
54 silly mapToRegistry   name: 'mongoose',
54 silly mapToRegistry   rawSpec: '',
54 silly mapToRegistry   spec: 'latest',
54 silly mapToRegistry   type: 'tag' }
55 silly mapToRegistry uri http://registry.npmjs.org/mongoose
56 verbose addRemoteTarball http://registry.npmjs.org/mongoose/-/mongoose-5.0.4.tgz not in flight; adding
57 verbose addRemoteTarball [ 'http://registry.npmjs.org/mongoose/-/mongoose-5.0.4.tgz',
57 verbose addRemoteTarball   'de30d256ff10c6d93654317ce7624c12ddeeb34f' ]
58 info retry fetch attempt 1 at 11:44:47 PM
59 info attempt registry request try #1 at 11:44:47 PM
60 http fetch GET http://registry.npmjs.org/mongoose/-/mongoose-5.0.4.tgz
61 http fetch 200 http://registry.npmjs.org/mongoose/-/mongoose-5.0.4.tgz
62 info retry will retry, error on last attempt: Error: read ECONNRESET
63 silly fetchAndShaCheck shasum de30d256ff10c6d93654317ce7624c12ddeeb34f
64 silly rollbackFailedOptional Starting
65 silly rollbackFailedOptional Finishing
66 silly runTopLevelLifecycles Finishing
67 silly install printInstalled
68 verbose stack Error: shasum check failed for C:\Users\Hp\AppData\Local\Temp\npm-19440-476f755b\registry.npmjs.org\mongoose\-\mongoose-5.0.4.tgz
68 verbose stack Expected: de30d256ff10c6d93654317ce7624c12ddeeb34f
68 verbose stack Actual:   bd2c4057db177c1178e974d227148aa7af50be43
68 verbose stack From:     http://registry.npmjs.org/mongoose/-/mongoose-5.0.4.tgz
68 verbose stack     at C:\Program Files\nodejs\node_modules\npm\node_modules\sha\index.js:25:8
68 verbose stack     at ReadStream.<anonymous> (C:\Program Files\nodejs\node_modules\npm\node_modules\sha\index.js:72:7)
68 verbose stack     at emitNone (events.js:91:20)
68 verbose stack     at ReadStream.emit (events.js:185:7)
68 verbose stack     at endReadableNT (_stream_readable.js:974:12)
68 verbose stack     at _combinedTickCallback (internal/process/next_tick.js:80:11)
68 verbose stack     at process._tickCallback (internal/process/next_tick.js:104:9)
69 verbose cwd C:\Users\Hp\Desktop\node-todo-app
70 error Windows_NT 10.0.16299
71 error argv "C:\\Program Files\\nodejs\\node.exe" "C:\\Program Files\\nodejs\\node_modules\\npm\\bin\\npm-cli.js" "install" "mongoose@5.0.4" "--save"
72 error node v6.11.2
73 error npm  v3.10.10
74 error shasum check failed for C:\Users\Hp\AppData\Local\Temp\npm-19440-476f755b\registry.npmjs.org\mongoose\-\mongoose-5.0.4.tgz
74 error Expected: de30d256ff10c6d93654317ce7624c12ddeeb34f
74 error Actual:   bd2c4057db177c1178e974d227148aa7af50be43
74 error From:     http://registry.npmjs.org/mongoose/-/mongoose-5.0.4.tgz
75 error If you need help, you may report this error at:
75 error     <https://github.com/npm/npm/issues>
76 verbose exit [ 1, true ]
